"WIN-QA6JDE44DML","A security-enabled local group was changed.

Subject:
	Security ID:		S-1-5-18
	Account Name:		WIN-QA6JDE44DML$
	Account Domain:		WORKGROUP
	Logon ID:		0x3e7

Group:
	Security ID:		S-1-5-32-568
	Group Name:		IIS_IUSRS
	Group Domain:		Builtin

Changed Attributes:
	SAM Account Name:	IIS_IUSRS
	SID History:		-

Additional Information:
	Privileges:		-","4735","0","","0","13826","0","-9214364837600034816","104","Microsoft-Windows-Security-Auditing","54849625-5478-4994-a5ba-3e3b0328c30d","Security","460","568","WIN-QA6JDE44DML","","12/14/2010 2:47:26 PM","","","security","System.Int32[]","System.Diagnostics.Eventing.Reader.EventBookmark","Information","Info","Security Group Management","System.Collections.ObjectModel.ReadOnlyCollection`1[System.String]","System.Collections.Generic.List`1[System.Diagnostics.Eventing.Reader.EventProperty]"
"WIN-QA6JDE44DML","The name of an account was changed:

Subject:
	Security ID:		S-1-5-18
	Account Name:		WIN-QA6JDE44DML$
	Account Domain:		WORKGROUP
	Logon ID:		0x3e7

Target Account:
	Security ID:		S-1-5-32-568
	Account Domain:		Builtin
	Old Account Name:	IIS_IUSRS
	New Account Name:	IIS_IUSRS

Additional Information:
	Privileges:		-","4781","0","","0","13824","0","-9214364837600034816","103","Microsoft-Windows-Security-Auditing","54849625-5478-4994-a5ba-3e3b0328c30d","Security","460","568","WIN-QA6JDE44DML","","12/14/2010 2:47:26 PM","","","security","System.Int32[]","System.Diagnostics.Eventing.Reader.EventBookmark","Information","Info","User Account Management","System.Collections.ObjectModel.ReadOnlyCollection`1[System.String]","System.Collections.Generic.List`1[System.Diagnostics.Eventing.Reader.EventProperty]"
"WIN-QA6JDE44DML","A security-enabled local group was changed.

Subject:
	Security ID:		S-1-5-18
	Account Name:		WIN-QA6JDE44DML$
	Account Domain:		WORKGROUP
	Logon ID:		0x3e7

Group:
	Security ID:		S-1-5-32-568
	Group Name:		IIS_IUSRS
	Group Domain:		Builtin

Changed Attributes:
	SAM Account Name:	-
	SID History:		-

Additional Information:
	Privileges:		-","4735","0","","0","13826","0","-9214364837600034816","102","Microsoft-Windows-Security-Auditing","54849625-5478-4994-a5ba-3e3b0328c30d","Security","460","568","WIN-QA6JDE44DML","","12/14/2010 2:47:26 PM","","","security","System.Int32[]","System.Diagnostics.Eventing.Reader.EventBookmark","Information","Info","Security Group Management","System.Collections.ObjectModel.ReadOnlyCollection`1[System.String]","System.Collections.Generic.List`1[System.Diagnostics.Eventing.Reader.EventProperty]"
"WIN-QA6JDE44DML","A security-enabled local group was changed.

Subject:
	Security ID:		S-1-5-18
	Account Name:		WIN-QA6JDE44DML$
	Account Domain:		WORKGROUP
	Logon ID:		0x3e7

Group:
	Security ID:		S-1-5-32-562
	Group Name:		Distributed COM Users
	Group Domain:		Builtin

Changed Attributes:
	SAM Account Name:	Distributed COM Users
	SID History:		-

Additional Information:
	Privileges:		-","4735","0","","0","13826","0","-9214364837600034816","101","Microsoft-Windows-Security-Auditing","54849625-5478-4994-a5ba-3e3b0328c30d","Security","460","568","WIN-QA6JDE44DML","","12/14/2010 2:47:26 PM","","","security","System.Int32[]","System.Diagnostics.Eventing.Reader.EventBookmark","Information","Info","Security Group Management","System.Collections.ObjectModel.ReadOnlyCollection`1[System.String]","System.Collections.Generic.List`1[System.Diagnostics.Eventing.Reader.EventProperty]"
"WIN-QA6JDE44DML","The name of an account was changed:

Subject:
	Security ID:		S-1-5-18
	Account Name:		WIN-QA6JDE44DML$
	Account Domain:		WORKGROUP
	Logon ID:		0x3e7

Target Account:
	Security ID:		S-1-5-32-562
	Account Domain:		Builtin
	Old Account Name:	Distributed COM Users
	New Account Name:	Distributed COM Users

Additional Information:
	Privileges:		-","4781","0","","0","13824","0","-9214364837600034816","100","Microsoft-Windows-Security-Auditing","54849625-5478-4994-a5ba-3e3b0328c30d","Security","460","568","WIN-QA6JDE44DML","","12/14/2010 2:47:26 PM","","","security","System.Int32[]","System.Diagnostics.Eventing.Reader.EventBookmark","Information","Info","User Account Management","System.Collections.ObjectModel.ReadOnlyCollection`1[System.String]","System.Collections.Generic.List`1[System.Diagnostics.Eventing.Reader.EventProperty]"
"WIN-QA6JDE44DML","A security-enabled local group was changed.

Subject:
	Security ID:		S-1-5-18
	Account Name:		WIN-QA6JDE44DML$
	Account Domain:		WORKGROUP
	Logon ID:		0x3e7

Group:
	Security ID:		S-1-5-32-562
	Group Name:		Distributed COM Users
	Group Domain:		Builtin

Changed Attributes:
	SAM Account Name:	-
	SID History:		-

Additional Information:
	Privileges:		-","4735","0","","0","13826","0","-9214364837600034816","99","Microsoft-Windows-Security-Auditing","54849625-5478-4994-a5ba-3e3b0328c30d","Security","460","568","WIN-QA6JDE44DML","","12/14/2010 2:47:26 PM","","","security","System.Int32[]","System.Diagnostics.Eventing.Reader.EventBookmark","Information","Info","Security Group Management","System.Collections.ObjectModel.ReadOnlyCollection`1[System.String]","System.Collections.Generic.List`1[System.Diagnostics.Eventing.Reader.EventProperty]"
"WIN-QA6JDE44DML","A security-enabled local group was changed.

Subject:
	Security ID:		S-1-5-18
	Account Name:		WIN-QA6JDE44DML$
	Account Domain:		WORKGROUP
	Logon ID:		0x3e7

Group:
	Security ID:		S-1-5-32-559
	Group Name:		Performance Log Users
	Group Domain:		Builtin

Changed Attributes:
	SAM Account Name:	Performance Log Users
	SID History:		-

Additional Information:
	Privileges:		-","4735","0","","0","13826","0","-9214364837600034816","98","Microsoft-Windows-Security-Auditing","54849625-5478-4994-a5ba-3e3b0328c30d","Security","460","568","WIN-QA6JDE44DML","","12/14/2010 2:47:26 PM","","","security","System.Int32[]","System.Diagnostics.Eventing.Reader.EventBookmark","Information","Info","Security Group Management","System.Collections.ObjectModel.ReadOnlyCollection`1[System.String]","System.Collections.Generic.List`1[System.Diagnostics.Eventing.Reader.EventProperty]"
"WIN-QA6JDE44DML","The name of an account was changed:

Subject:
	Security ID:		S-1-5-18
	Account Name:		WIN-QA6JDE44DML$
	Account Domain:		WORKGROUP
	Logon ID:		0x3e7

Target Account:
	Security ID:		S-1-5-32-559
	Account Domain:		Builtin
	Old Account Name:	Performance Log Users
	New Account Name:	Performance Log Users

Additional Information:
	Privileges:		-","4781","0","","0","13824","0","-9214364837600034816","97","Microsoft-Windows-Security-Auditing","54849625-5478-4994-a5ba-3e3b0328c30d","Security","460","568","WIN-QA6JDE44DML","","12/14/2010 2:47:26 PM","","","security","System.Int32[]","System.Diagnostics.Eventing.Reader.EventBookmark","Information","Info","User Account Management","System.Collections.ObjectModel.ReadOnlyCollection`1[System.String]","System.Collections.Generic.List`1[System.Diagnostics.Eventing.Reader.EventProperty]"
"WIN-QA6JDE44DML","A security-enabled local group was changed.

Subject:
	Security ID:		S-1-5-18
	Account Name:		WIN-QA6JDE44DML$
	Account Domain:		WORKGROUP
	Logon ID:		0x3e7

Group:
	Security ID:		S-1-5-32-559
	Group Name:		Performance Log Users
	Group Domain:		Builtin

Changed Attributes:
	SAM Account Name:	-
	SID History:		-

Additional Information:
	Privileges:		-","4735","0","","0","13826","0","-9214364837600034816","96","Microsoft-Windows-Security-Auditing","54849625-5478-4994-a5ba-3e3b0328c30d","Security","460","568","WIN-QA6JDE44DML","","12/14/2010 2:47:26 PM","","","security","System.Int32[]","System.Diagnostics.Eventing.Reader.EventBookmark","Information","Info","Security Group Management","System.Collections.ObjectModel.ReadOnlyCollection`1[System.String]","System.Collections.Generic.List`1[System.Diagnostics.Eventing.Reader.EventProperty]"
"WIN-QA6JDE44DML","A security-enabled local group was changed.

Subject:
	Security ID:		S-1-5-18
	Account Name:		WIN-QA6JDE44DML$
	Account Domain:		WORKGROUP
	Logon ID:		0x3e7

Group:
	Security ID:		S-1-5-32-558
	Group Name:		Performance Monitor Users
	Group Domain:		Builtin

Changed Attributes:
	SAM Account Name:	Performance Monitor Users
	SID History:		-

Additional Information:
	Privileges:		-","4735","0","","0","13826","0","-9214364837600034816","95","Microsoft-Windows-Security-Auditing","54849625-5478-4994-a5ba-3e3b0328c30d","Security","460","568","WIN-QA6JDE44DML","","12/14/2010 2:47:26 PM","","","security","System.Int32[]","System.Diagnostics.Eventing.Reader.EventBookmark","Information","Info","Security Group Management","System.Collections.ObjectModel.ReadOnlyCollection`1[System.String]","System.Collections.Generic.List`1[System.Diagnostics.Eventing.Reader.EventProperty]"
"WIN-QA6JDE44DML","The name of an account was changed:

Subject:
	Security ID:		S-1-5-18
	Account Name:		WIN-QA6JDE44DML$
	Account Domain:		WORKGROUP
	Logon ID:		0x3e7

Target Account:
	Security ID:		S-1-5-32-558
	Account Domain:		Builtin
	Old Account Name:	Performance Monitor Users
	New Account Name:	Performance Monitor Users

Additional Information:
	Privileges:		-","4781","0","","0","13824","0","-9214364837600034816","94","Microsoft-Windows-Security-Auditing","54849625-5478-4994-a5ba-3e3b0328c30d","Security","460","568","WIN-QA6JDE44DML","","12/14/2010 2:47:26 PM","","","security","System.Int32[]","System.Diagnostics.Eventing.Reader.EventBookmark","Information","Info","User Account Management","System.Collections.ObjectModel.ReadOnlyCollection`1[System.String]","System.Collections.Generic.List`1[System.Diagnostics.Eventing.Reader.EventProperty]"
"WIN-QA6JDE44DML","A security-enabled local group was changed.

Subject:
	Security ID:		S-1-5-18
	Account Name:		WIN-QA6JDE44DML$
	Account Domain:		WORKGROUP
	Logon ID:		0x3e7

Group:
	Security ID:		S-1-5-32-558
	Group Name:		Performance Monitor Users
	Group Domain:		Builtin

Changed Attributes:
	SAM Account Name:	-
	SID History:		-

Additional Information:
	Privileges:		-","4735","0","","0","13826","0","-9214364837600034816","93","Microsoft-Windows-Security-Auditing","54849625-5478-4994-a5ba-3e3b0328c30d","Security","460","568","WIN-QA6JDE44DML","","12/14/2010 2:47:26 PM","","","security","System.Int32[]","System.Diagnostics.Eventing.Reader.EventBookmark","Information","Info","Security Group Management","System.Collections.ObjectModel.ReadOnlyCollection`1[System.String]","System.Collections.Generic.List`1[System.Diagnostics.Eventing.Reader.EventProperty]"
"WIN-QA6JDE44DML","A security-enabled local group was changed.

Subject:
	Security ID:		S-1-5-18
	Account Name:		WIN-QA6JDE44DML$
	Account Domain:		WORKGROUP
	Logon ID:		0x3e7

Group:
	Security ID:		S-1-5-32-547
	Group Name:		Power Users
	Group Domain:		Builtin

Changed Attributes:
	SAM Account Name:	Power Users
	SID History:		-

Additional Information:
	Privileges:		-","4735","0","","0","13826","0","-9214364837600034816","92","Microsoft-Windows-Security-Auditing","54849625-5478-4994-a5ba-3e3b0328c30d","Security","460","568","WIN-QA6JDE44DML","","12/14/2010 2:47:26 PM","","","security","System.Int32[]","System.Diagnostics.Eventing.Reader.EventBookmark","Information","Info","Security Group Management","System.Collections.ObjectModel.ReadOnlyCollection`1[System.String]","System.Collections.Generic.List`1[System.Diagnostics.Eventing.Reader.EventProperty]"
"WIN-QA6JDE44DML","The name of an account was changed:

Subject:
	Security ID:		S-1-5-18
	Account Name:		WIN-QA6JDE44DML$
	Account Domain:		WORKGROUP
	Logon ID:		0x3e7

Target Account:
	Security ID:		S-1-5-32-547
	Account Domain:		Builtin
	Old Account Name:	Power Users
	New Account Name:	Power Users

Additional Information:
	Privileges:		-","4781","0","","0","13824","0","-9214364837600034816","91","Microsoft-Windows-Security-Auditing","54849625-5478-4994-a5ba-3e3b0328c30d","Security","460","568","WIN-QA6JDE44DML","","12/14/2010 2:47:26 PM","","","security","System.Int32[]","System.Diagnostics.Eventing.Reader.EventBookmark","Information","Info","User Account Management","System.Collections.ObjectModel.ReadOnlyCollection`1[System.String]","System.Collections.Generic.List`1[System.Diagnostics.Eventing.Reader.EventProperty]"
"WIN-QA6JDE44DML","A security-enabled local group was changed.

Subject:
	Security ID:		S-1-5-18
	Account Name:		WIN-QA6JDE44DML$
	Account Domain:		WORKGROUP
	Logon ID:		0x3e7

Group:
	Security ID:		S-1-5-32-547
	Group Name:		Power Users
	Group Domain:		Builtin

Changed Attributes:
	SAM Account Name:	-
	SID History:		-

Additional Information:
	Privileges:		-","4735","0","","0","13826","0","-9214364837600034816","90","Microsoft-Windows-Security-Auditing","54849625-5478-4994-a5ba-3e3b0328c30d","Security","460","568","WIN-QA6JDE44DML","","12/14/2010 2:47:26 PM","","","security","System.Int32[]","System.Diagnostics.Eventing.Reader.EventBookmark","Information","Info","Security Group Management","System.Collections.ObjectModel.ReadOnlyCollection`1[System.String]","System.Collections.Generic.List`1[System.Diagnostics.Eventing.Reader.EventProperty]"
"WIN-QA6JDE44DML","A security-enabled local group was changed.

Subject:
	Security ID:		S-1-5-18
	Account Name:		WIN-QA6JDE44DML$
	Account Domain:		WORKGROUP
	Logon ID:		0x3e7

Group:
	Security ID:		S-1-5-32-556
	Group Name:		Network Configuration Operators
	Group Domain:		Builtin

Changed Attributes:
	SAM Account Name:	Network Configuration Operators
	SID History:		-

Additional Information:
	Privileges:		-","4735","0","","0","13826","0","-9214364837600034816","89","Microsoft-Windows-Security-Auditing","54849625-5478-4994-a5ba-3e3b0328c30d","Security","460","568","WIN-QA6JDE44DML","","12/14/2010 2:47:26 PM","","","security","System.Int32[]","System.Diagnostics.Eventing.Reader.EventBookmark","Information","Info","Security Group Management","System.Collections.ObjectModel.ReadOnlyCollection`1[System.String]","System.Collections.Generic.List`1[System.Diagnostics.Eventing.Reader.EventProperty]"
"WIN-QA6JDE44DML","The name of an account was changed:

Subject:
	Security ID:		S-1-5-18
	Account Name:		WIN-QA6JDE44DML$
	Account Domain:		WORKGROUP
	Logon ID:		0x3e7

Target Account:
	Security ID:		S-1-5-32-556
	Account Domain:		Builtin
	Old Account Name:	Network Configuration Operators
	New Account Name:	Network Configuration Operators

Additional Information:
	Privileges:		-","4781","0","","0","13824","0","-9214364837600034816","88","Microsoft-Windows-Security-Auditing","54849625-5478-4994-a5ba-3e3b0328c30d","Security","460","568","WIN-QA6JDE44DML","","12/14/2010 2:47:26 PM","","","security","System.Int32[]","System.Diagnostics.Eventing.Reader.EventBookmark","Information","Info","User Account Management","System.Collections.ObjectModel.ReadOnlyCollection`1[System.String]","System.Collections.Generic.List`1[System.Diagnostics.Eventing.Reader.EventProperty]"
"WIN-QA6JDE44DML","A security-enabled local group was changed.

Subject:
	Security ID:		S-1-5-18
	Account Name:		WIN-QA6JDE44DML$
	Account Domain:		WORKGROUP
	Logon ID:		0x3e7

Group:
	Security ID:		S-1-5-32-556
	Group Name:		Network Configuration Operators
	Group Domain:		Builtin

Changed Attributes:
	SAM Account Name:	-
	SID History:		-

Additional Information:
	Privileges:		-","4735","0","","0","13826","0","-9214364837600034816","87","Microsoft-Windows-Security-Auditing","54849625-5478-4994-a5ba-3e3b0328c30d","Security","460","568","WIN-QA6JDE44DML","","12/14/2010 2:47:26 PM","","","security","System.Int32[]","System.Diagnostics.Eventing.Reader.EventBookmark","Information","Info","Security Group Management","System.Collections.ObjectModel.ReadOnlyCollection`1[System.String]","System.Collections.Generic.List`1[System.Diagnostics.Eventing.Reader.EventProperty]"
"WIN-QA6JDE44DML","A security-enabled local group was changed.

Subject:
	Security ID:		S-1-5-18
	Account Name:		WIN-QA6JDE44DML$
	Account Domain:		WORKGROUP
	Logon ID:		0x3e7

Group:
	Security ID:		S-1-5-32-555
	Group Name:		Remote Desktop Users
	Group Domain:		Builtin

Changed Attributes:
	SAM Account Name:	Remote Desktop Users
	SID History:		-

Additional Information:
	Privileges:		-","4735","0","","0","13826","0","-9214364837600034816","86","Microsoft-Windows-Security-Auditing","54849625-5478-4994-a5ba-3e3b0328c30d","Security","460","568","WIN-QA6JDE44DML","","12/14/2010 2:47:26 PM","","","security","System.Int32[]","System.Diagnostics.Eventing.Reader.EventBookmark","Information","Info","Security Group Management","System.Collections.ObjectModel.ReadOnlyCollection`1[System.String]","System.Collections.Generic.List`1[System.Diagnostics.Eventing.Reader.EventProperty]"
"WIN-QA6JDE44DML","The name of an account was changed:

Subject:
	Security ID:		S-1-5-18
	Account Name:		WIN-QA6JDE44DML$
	Account Domain:		WORKGROUP
	Logon ID:		0x3e7

Target Account:
	Security ID:		S-1-5-32-555
	Account Domain:		Builtin
	Old Account Name:	Remote Desktop Users
	New Account Name:	Remote Desktop Users

Additional Information:
	Privileges:		-","4781","0","","0","13824","0","-9214364837600034816","85","Microsoft-Windows-Security-Auditing","54849625-5478-4994-a5ba-3e3b0328c30d","Security","460","568","WIN-QA6JDE44DML","","12/14/2010 2:47:26 PM","","","security","System.Int32[]","System.Diagnostics.Eventing.Reader.EventBookmark","Information","Info","User Account Management","System.Collections.ObjectModel.ReadOnlyCollection`1[System.String]","System.Collections.Generic.List`1[System.Diagnostics.Eventing.Reader.EventProperty]"
"WIN-QA6JDE44DML","A security-enabled local group was changed.

Subject:
	Security ID:		S-1-5-18
	Account Name:		WIN-QA6JDE44DML$
	Account Domain:		WORKGROUP
	Logon ID:		0x3e7

Group:
	Security ID:		S-1-5-32-555
	Group Name:		Remote Desktop Users
	Group Domain:		Builtin

Changed Attributes:
	SAM Account Name:	-
	SID History:		-

Additional Information:
	Privileges:		-","4735","0","","0","13826","0","-9214364837600034816","84","Microsoft-Windows-Security-Auditing","54849625-5478-4994-a5ba-3e3b0328c30d","Security","460","568","WIN-QA6JDE44DML","","12/14/2010 2:47:26 PM","","","security","System.Int32[]","System.Diagnostics.Eventing.Reader.EventBookmark","Information","Info","Security Group Management","System.Collections.ObjectModel.ReadOnlyCollection`1[System.String]","System.Collections.Generic.List`1[System.Diagnostics.Eventing.Reader.EventProperty]"
"WIN-QA6JDE44DML","A security-enabled local group was changed.

Subject:
	Security ID:		S-1-5-18
	Account Name:		WIN-QA6JDE44DML$
	Account Domain:		WORKGROUP
	Logon ID:		0x3e7

Group:
	Security ID:		S-1-5-32-552
	Group Name:		Replicator
	Group Domain:		Builtin

Changed Attributes:
	SAM Account Name:	Replicator
	SID History:		-

Additional Information:
	Privileges:		-","4735","0","","0","13826","0","-9214364837600034816","83","Microsoft-Windows-Security-Auditing","54849625-5478-4994-a5ba-3e3b0328c30d","Security","460","568","WIN-QA6JDE44DML","","12/14/2010 2:47:26 PM","","","security","System.Int32[]","System.Diagnostics.Eventing.Reader.EventBookmark","Information","Info","Security Group Management","System.Collections.ObjectModel.ReadOnlyCollection`1[System.String]","System.Collections.Generic.List`1[System.Diagnostics.Eventing.Reader.EventProperty]"
"WIN-QA6JDE44DML","The name of an account was changed:

Subject:
	Security ID:		S-1-5-18
	Account Name:		WIN-QA6JDE44DML$
	Account Domain:		WORKGROUP
	Logon ID:		0x3e7

Target Account:
	Security ID:		S-1-5-32-552
	Account Domain:		Builtin
	Old Account Name:	Replicator
	New Account Name:	Replicator

Additional Information:
	Privileges:		-","4781","0","","0","13824","0","-9214364837600034816","82","Microsoft-Windows-Security-Auditing","54849625-5478-4994-a5ba-3e3b0328c30d","Security","460","568","WIN-QA6JDE44DML","","12/14/2010 2:47:26 PM","","","security","System.Int32[]","System.Diagnostics.Eventing.Reader.EventBookmark","Information","Info","User Account Management","System.Collections.ObjectModel.ReadOnlyCollection`1[System.String]","System.Collections.Generic.List`1[System.Diagnostics.Eventing.Reader.EventProperty]"
"WIN-QA6JDE44DML","A security-enabled local group was changed.

Subject:
	Security ID:		S-1-5-18
	Account Name:		WIN-QA6JDE44DML$
	Account Domain:		WORKGROUP
	Logon ID:		0x3e7

Group:
	Security ID:		S-1-5-32-552
	Group Name:		Replicator
	Group Domain:		Builtin

Changed Attributes:
	SAM Account Name:	-
	SID History:		-

Additional Information:
	Privileges:		-","4735","0","","0","13826","0","-9214364837600034816","81","Microsoft-Windows-Security-Auditing","54849625-5478-4994-a5ba-3e3b0328c30d","Security","460","568","WIN-QA6JDE44DML","","12/14/2010 2:47:26 PM","","","security","System.Int32[]","System.Diagnostics.Eventing.Reader.EventBookmark","Information","Info","Security Group Management","System.Collections.ObjectModel.ReadOnlyCollection`1[System.String]","System.Collections.Generic.List`1[System.Diagnostics.Eventing.Reader.EventProperty]"
"WIN-QA6JDE44DML","A security-enabled local group was changed.

Subject:
	Security ID:		S-1-5-18
	Account Name:		WIN-QA6JDE44DML$
	Account Domain:		WORKGROUP
	Logon ID:		0x3e7

Group:
	Security ID:		S-1-5-32-551
	Group Name:		Backup Operators
	Group Domain:		Builtin

Changed Attributes:
	SAM Account Name:	Backup Operators
	SID History:		-

Additional Information:
	Privileges:		-","4735","0","","0","13826","0","-9214364837600034816","80","Microsoft-Windows-Security-Auditing","54849625-5478-4994-a5ba-3e3b0328c30d","Security","460","568","WIN-QA6JDE44DML","","12/14/2010 2:47:26 PM","","","security","System.Int32[]","System.Diagnostics.Eventing.Reader.EventBookmark","Information","Info","Security Group Management","System.Collections.ObjectModel.ReadOnlyCollection`1[System.String]","System.Collections.Generic.List`1[System.Diagnostics.Eventing.Reader.EventProperty]"
"WIN-QA6JDE44DML","The name of an account was changed:

Subject:
	Security ID:		S-1-5-18
	Account Name:		WIN-QA6JDE44DML$
	Account Domain:		WORKGROUP
	Logon ID:		0x3e7

Target Account:
	Security ID:		S-1-5-32-551
	Account Domain:		Builtin
	Old Account Name:	Backup Operators
	New Account Name:	Backup Operators

Additional Information:
	Privileges:		-","4781","0","","0","13824","0","-9214364837600034816","79","Microsoft-Windows-Security-Auditing","54849625-5478-4994-a5ba-3e3b0328c30d","Security","460","568","WIN-QA6JDE44DML","","12/14/2010 2:47:26 PM","","","security","System.Int32[]","System.Diagnostics.Eventing.Reader.EventBookmark","Information","Info","User Account Management","System.Collections.ObjectModel.ReadOnlyCollection`1[System.String]","System.Collections.Generic.List`1[System.Diagnostics.Eventing.Reader.EventProperty]"
"WIN-QA6JDE44DML","A security-enabled local group was changed.

Subject:
	Security ID:		S-1-5-18
	Account Name:		WIN-QA6JDE44DML$
	Account Domain:		WORKGROUP
	Logon ID:		0x3e7

Group:
	Security ID:		S-1-5-32-551
	Group Name:		Backup Operators
	Group Domain:		Builtin

Changed Attributes:
	SAM Account Name:	-
	SID History:		-

Additional Information:
	Privileges:		-","4735","0","","0","13826","0","-9214364837600034816","78","Microsoft-Windows-Security-Auditing","54849625-5478-4994-a5ba-3e3b0328c30d","Security","460","568","WIN-QA6JDE44DML","","12/14/2010 2:47:26 PM","","","security","System.Int32[]","System.Diagnostics.Eventing.Reader.EventBookmark","Information","Info","Security Group Management","System.Collections.ObjectModel.ReadOnlyCollection`1[System.String]","System.Collections.Generic.List`1[System.Diagnostics.Eventing.Reader.EventProperty]"
"WIN-QA6JDE44DML","A security-enabled local group was changed.

Subject:
	Security ID:		S-1-5-18
	Account Name:		WIN-QA6JDE44DML$
	Account Domain:		WORKGROUP
	Logon ID:		0x3e7

Group:
	Security ID:		S-1-5-32-546
	Group Name:		Guests
	Group Domain:		Builtin

Changed Attributes:
	SAM Account Name:	Guests
	SID History:		-

Additional Information:
	Privileges:		-","4735","0","","0","13826","0","-9214364837600034816","77","Microsoft-Windows-Security-Auditing","54849625-5478-4994-a5ba-3e3b0328c30d","Security","460","568","WIN-QA6JDE44DML","","12/14/2010 2:47:26 PM","","","security","System.Int32[]","System.Diagnostics.Eventing.Reader.EventBookmark","Information","Info","Security Group Management","System.Collections.ObjectModel.ReadOnlyCollection`1[System.String]","System.Collections.Generic.List`1[System.Diagnostics.Eventing.Reader.EventProperty]"
"WIN-QA6JDE44DML","The name of an account was changed:

Subject:
	Security ID:		S-1-5-18
	Account Name:		WIN-QA6JDE44DML$
	Account Domain:		WORKGROUP
	Logon ID:		0x3e7

Target Account:
	Security ID:		S-1-5-32-546
	Account Domain:		Builtin
	Old Account Name:	Guests
	New Account Name:	Guests

Additional Information:
	Privileges:		-","4781","0","","0","13824","0","-9214364837600034816","76","Microsoft-Windows-Security-Auditing","54849625-5478-4994-a5ba-3e3b0328c30d","Security","460","568","WIN-QA6JDE44DML","","12/14/2010 2:47:26 PM","","","security","System.Int32[]","System.Diagnostics.Eventing.Reader.EventBookmark","Information","Info","User Account Management","System.Collections.ObjectModel.ReadOnlyCollection`1[System.String]","System.Collections.Generic.List`1[System.Diagnostics.Eventing.Reader.EventProperty]"
"WIN-QA6JDE44DML","A security-enabled local group was changed.

Subject:
	Security ID:		S-1-5-18
	Account Name:		WIN-QA6JDE44DML$
	Account Domain:		WORKGROUP
	Logon ID:		0x3e7

Group:
	Security ID:		S-1-5-32-546
	Group Name:		Guests
	Group Domain:		Builtin

Changed Attributes:
	SAM Account Name:	-
	SID History:		-

Additional Information:
	Privileges:		-","4735","0","","0","13826","0","-9214364837600034816","75","Microsoft-Windows-Security-Auditing","54849625-5478-4994-a5ba-3e3b0328c30d","Security","460","568","WIN-QA6JDE44DML","","12/14/2010 2:47:26 PM","","","security","System.Int32[]","System.Diagnostics.Eventing.Reader.EventBookmark","Information","Info","Security Group Management","System.Collections.ObjectModel.ReadOnlyCollection`1[System.String]","System.Collections.Generic.List`1[System.Diagnostics.Eventing.Reader.EventProperty]"
"WIN-QA6JDE44DML","A security-enabled local group was changed.

Subject:
	Security ID:		S-1-5-18
	Account Name:		WIN-QA6JDE44DML$
	Account Domain:		WORKGROUP
	Logon ID:		0x3e7

Group:
	Security ID:		S-1-5-32-545
	Group Name:		Users
	Group Domain:		Builtin

Changed Attributes:
	SAM Account Name:	Users
	SID History:		-

Additional Information:
	Privileges:		-","4735","0","","0","13826","0","-9214364837600034816","74","Microsoft-Windows-Security-Auditing","54849625-5478-4994-a5ba-3e3b0328c30d","Security","460","568","WIN-QA6JDE44DML","","12/14/2010 2:47:26 PM","","","security","System.Int32[]","System.Diagnostics.Eventing.Reader.EventBookmark","Information","Info","Security Group Management","System.Collections.ObjectModel.ReadOnlyCollection`1[System.String]","System.Collections.Generic.List`1[System.Diagnostics.Eventing.Reader.EventProperty]"
"WIN-QA6JDE44DML","The name of an account was changed:

Subject:
	Security ID:		S-1-5-18
	Account Name:		WIN-QA6JDE44DML$
	Account Domain:		WORKGROUP
	Logon ID:		0x3e7

Target Account:
	Security ID:		S-1-5-32-545
	Account Domain:		Builtin
	Old Account Name:	Users
	New Account Name:	Users

Additional Information:
	Privileges:		-","4781","0","","0","13824","0","-9214364837600034816","73","Microsoft-Windows-Security-Auditing","54849625-5478-4994-a5ba-3e3b0328c30d","Security","460","568","WIN-QA6JDE44DML","","12/14/2010 2:47:26 PM","","","security","System.Int32[]","System.Diagnostics.Eventing.Reader.EventBookmark","Information","Info","User Account Management","System.Collections.ObjectModel.ReadOnlyCollection`1[System.String]","System.Collections.Generic.List`1[System.Diagnostics.Eventing.Reader.EventProperty]"
"WIN-QA6JDE44DML","A security-enabled local group was changed.

Subject:
	Security ID:		S-1-5-18
	Account Name:		WIN-QA6JDE44DML$
	Account Domain:		WORKGROUP
	Logon ID:		0x3e7

Group:
	Security ID:		S-1-5-32-545
	Group Name:		Users
	Group Domain:		Builtin

Changed Attributes:
	SAM Account Name:	-
	SID History:		-

Additional Information:
	Privileges:		-","4735","0","","0","13826","0","-9214364837600034816","72","Microsoft-Windows-Security-Auditing","54849625-5478-4994-a5ba-3e3b0328c30d","Security","460","568","WIN-QA6JDE44DML","","12/14/2010 2:47:26 PM","","","security","System.Int32[]","System.Diagnostics.Eventing.Reader.EventBookmark","Information","Info","Security Group Management","System.Collections.ObjectModel.ReadOnlyCollection`1[System.String]","System.Collections.Generic.List`1[System.Diagnostics.Eventing.Reader.EventProperty]"
"WIN-QA6JDE44DML","A security-enabled local group was changed.

Subject:
	Security ID:		S-1-5-18
	Account Name:		WIN-QA6JDE44DML$
	Account Domain:		WORKGROUP
	Logon ID:		0x3e7

Group:
	Security ID:		S-1-5-32-544
	Group Name:		Administrators
	Group Domain:		Builtin

Changed Attributes:
	SAM Account Name:	Administrators
	SID History:		-

Additional Information:
	Privileges:		-","4735","0","","0","13826","0","-9214364837600034816","71","Microsoft-Windows-Security-Auditing","54849625-5478-4994-a5ba-3e3b0328c30d","Security","460","568","WIN-QA6JDE44DML","","12/14/2010 2:47:26 PM","","","security","System.Int32[]","System.Diagnostics.Eventing.Reader.EventBookmark","Information","Info","Security Group Management","System.Collections.ObjectModel.ReadOnlyCollection`1[System.String]","System.Collections.Generic.List`1[System.Diagnostics.Eventing.Reader.EventProperty]"
"WIN-QA6JDE44DML","The name of an account was changed:

Subject:
	Security ID:		S-1-5-18
	Account Name:		WIN-QA6JDE44DML$
	Account Domain:		WORKGROUP
	Logon ID:		0x3e7

Target Account:
	Security ID:		S-1-5-32-544
	Account Domain:		Builtin
	Old Account Name:	Administrators
	New Account Name:	Administrators

Additional Information:
	Privileges:		-","4781","0","","0","13824","0","-9214364837600034816","70","Microsoft-Windows-Security-Auditing","54849625-5478-4994-a5ba-3e3b0328c30d","Security","460","568","WIN-QA6JDE44DML","","12/14/2010 2:47:26 PM","","","security","System.Int32[]","System.Diagnostics.Eventing.Reader.EventBookmark","Information","Info","User Account Management","System.Collections.ObjectModel.ReadOnlyCollection`1[System.String]","System.Collections.Generic.List`1[System.Diagnostics.Eventing.Reader.EventProperty]"
"WIN-QA6JDE44DML","A security-enabled local group was changed.

Subject:
	Security ID:		S-1-5-18
	Account Name:		WIN-QA6JDE44DML$
	Account Domain:		WORKGROUP
	Logon ID:		0x3e7

Group:
	Security ID:		S-1-5-32-544
	Group Name:		Administrators
	Group Domain:		Builtin

Changed Attributes:
	SAM Account Name:	-
	SID History:		-

Additional Information:
	Privileges:		-","4735","0","","0","13826","0","-9214364837600034816","69","Microsoft-Windows-Security-Auditing","54849625-5478-4994-a5ba-3e3b0328c30d","Security","460","568","WIN-QA6JDE44DML","","12/14/2010 2:47:26 PM","","","security","System.Int32[]","System.Diagnostics.Eventing.Reader.EventBookmark","Information","Info","Security Group Management","System.Collections.ObjectModel.ReadOnlyCollection`1[System.String]","System.Collections.Generic.List`1[System.Diagnostics.Eventing.Reader.EventProperty]"
"WIN-QA6JDE44DML","An account was successfully logged on.

Subject:
	Security ID:		S-1-0-0
	Account Name:		-
	Account Domain:		-
	Logon ID:		0x0

Logon Type:			3

New Logon:
	Security ID:		S-1-5-7
	Account Name:		ANONYMOUS LOGON
	Account Domain:		NT AUTHORITY
	Logon ID:		0x210a1
	Logon GUID:		{00000000-0000-0000-0000-000000000000}

Process Information:
	Process ID:		0x0
	Process Name:		-

Network Information:
	Workstation Name:	
	Source Network Address:	-
	Source Port:		-

Detailed Authentication Information:
	Logon Process:		NtLmSsp 
	Authentication Package:	NTLM
	Transited Services:	-
	Package Name (NTLM only):	NTLM V1
	Key Length:		0

This event is generated when a logon session is created. It is generated on the computer that was accessed.

The subject fields indicate the account on the local system which requested the logon. This is most commonly a service such as the Server service, or a local process such as Winlogon.exe or Services.exe.

The logon type field indicates the kind of logon that occurred. The most common types are 2 (interactive) and 3 (network).

The New Logon fields indicate the account for whom the new logon was created, i.e. the account that was logged on.

The network fields indicate where a remote logon request originated. Workstation name is not always available and may be left blank in some cases.

The authentication information fields provide detailed information about this specific logon request.
	- Logon GUID is a unique identifier that can be used to correlate this event with a KDC event.
	- Transited services indicate which intermediate services have participated in this logon request.
	- Package name indicates which sub-protocol was used among the NTLM protocols.
	- Key length indicates the length of the generated session key. This will be 0 if no session key was requested.","4624","0","","0","12544","0","-9214364837600034816","68","Microsoft-Windows-Security-Auditing","54849625-5478-4994-a5ba-3e3b0328c30d","Security","460","568","WIN-QA6JDE44DML","","12/14/2010 2:47:21 PM","","","security","System.Int32[]","System.Diagnostics.Eventing.Reader.EventBookmark","Information","Info","Logon","System.Collections.ObjectModel.ReadOnlyCollection`1[System.String]","System.Collections.Generic.List`1[System.Diagnostics.Eventing.Reader.EventProperty]"
"WIN-QA6JDE44DML","The Windows Firewall service started successfully.","5024","0","","0","12292","0","-9214364837600034816","67","Microsoft-Windows-Security-Auditing","54849625-5478-4994-a5ba-3e3b0328c30d","Security","460","568","WIN-QA6JDE44DML","","12/14/2010 2:47:21 PM","","","security","System.Int32[]","System.Diagnostics.Eventing.Reader.EventBookmark","Information","Info","Other System Events","System.Collections.ObjectModel.ReadOnlyCollection`1[System.String]","System.Collections.Generic.List`1[System.Diagnostics.Eventing.Reader.EventProperty]"
"WIN-QA6JDE44DML","The Windows Firewall Driver started successfully.","5033","0","","0","12292","0","-9214364837600034816","66","Microsoft-Windows-Security-Auditing","54849625-5478-4994-a5ba-3e3b0328c30d","Security","4","64","WIN-QA6JDE44DML","","12/14/2010 2:47:20 PM","","","security","System.Int32[]","System.Diagnostics.Eventing.Reader.EventBookmark","Information","Info","Other System Events","System.Collections.ObjectModel.ReadOnlyCollection`1[System.String]","System.Collections.Generic.List`1[System.Diagnostics.Eventing.Reader.EventProperty]"
"WIN-QA6JDE44DML","Special privileges assigned to new logon.

Subject:
	Security ID:		S-1-5-18
	Account Name:		SYSTEM
	Account Domain:		NT AUTHORITY
	Logon ID:		0x3e7

Privileges:		SeAssignPrimaryTokenPrivilege
			SeTcbPrivilege
			SeSecurityPrivilege
			SeTakeOwnershipPrivilege
			SeLoadDriverPrivilege
			SeBackupPrivilege
			SeRestorePrivilege
			SeDebugPrivilege
			SeAuditPrivilege
			SeSystemEnvironmentPrivilege
			SeImpersonatePrivilege","4672","0","","0","12548","0","-9214364837600034816","65","Microsoft-Windows-Security-Auditing","54849625-5478-4994-a5ba-3e3b0328c30d","Security","460","500","WIN-QA6JDE44DML","","12/14/2010 2:47:20 PM","","","security","System.Int32[]","System.Diagnostics.Eventing.Reader.EventBookmark","Information","Info","Special Logon","System.Collections.ObjectModel.ReadOnlyCollection`1[System.String]","System.Collections.Generic.List`1[System.Diagnostics.Eventing.Reader.EventProperty]"
"WIN-QA6JDE44DML","An account was successfully logged on.

Subject:
	Security ID:		S-1-5-18
	Account Name:		WIN-QA6JDE44DML$
	Account Domain:		WORKGROUP
	Logon ID:		0x3e7

Logon Type:			5

New Logon:
	Security ID:		S-1-5-18
	Account Name:		SYSTEM
	Account Domain:		NT AUTHORITY
	Logon ID:		0x3e7
	Logon GUID:		{00000000-0000-0000-0000-000000000000}

Process Information:
	Process ID:		0x1bc
	Process Name:		C:\Windows\System32\services.exe

Network Information:
	Workstation Name:	
	Source Network Address:	-
	Source Port:		-

Detailed Authentication Information:
	Logon Process:		Advapi  
	Authentication Package:	Negotiate
	Transited Services:	-
	Package Name (NTLM only):	-
	Key Length:		0

This event is generated when a logon session is created. It is generated on the computer that was accessed.

The subject fields indicate the account on the local system which requested the logon. This is most commonly a service such as the Server service, or a local process such as Winlogon.exe or Services.exe.

The logon type field indicates the kind of logon that occurred. The most common types are 2 (interactive) and 3 (network).

The New Logon fields indicate the account for whom the new logon was created, i.e. the account that was logged on.

The network fields indicate where a remote logon request originated. Workstation name is not always available and may be left blank in some cases.

The authentication information fields provide detailed information about this specific logon request.
	- Logon GUID is a unique identifier that can be used to correlate this event with a KDC event.
	- Transited services indicate which intermediate services have participated in this logon request.
	- Package name indicates which sub-protocol was used among the NTLM protocols.
	- Key length indicates the length of the generated session key. This will be 0 if no session key was requested.","4624","0","","0","12544","0","-9214364837600034816","64","Microsoft-Windows-Security-Auditing","54849625-5478-4994-a5ba-3e3b0328c30d","Security","460","500","WIN-QA6JDE44DML","","12/14/2010 2:47:20 PM","","","security","System.Int32[]","System.Diagnostics.Eventing.Reader.EventBookmark","Information","Info","Logon","System.Collections.ObjectModel.ReadOnlyCollection`1[System.String]","System.Collections.Generic.List`1[System.Diagnostics.Eventing.Reader.EventProperty]"
"WIN-QA6JDE44DML","Special privileges assigned to new logon.

Subject:
	Security ID:		S-1-5-18
	Account Name:		SYSTEM
	Account Domain:		NT AUTHORITY
	Logon ID:		0x3e7

Privileges:		SeAssignPrimaryTokenPrivilege
			SeTcbPrivilege
			SeSecurityPrivilege
			SeTakeOwnershipPrivilege
			SeLoadDriverPrivilege
			SeBackupPrivilege
			SeRestorePrivilege
			SeDebugPrivilege
			SeAuditPrivilege
			SeSystemEnvironmentPrivilege
			SeImpersonatePrivilege","4672","0","","0","12548","0","-9214364837600034816","63","Microsoft-Windows-Security-Auditing","54849625-5478-4994-a5ba-3e3b0328c30d","Security","460","500","WIN-QA6JDE44DML","","12/14/2010 2:47:19 PM","","","security","System.Int32[]","System.Diagnostics.Eventing.Reader.EventBookmark","Information","Info","Special Logon","System.Collections.ObjectModel.ReadOnlyCollection`1[System.String]","System.Collections.Generic.List`1[System.Diagnostics.Eventing.Reader.EventProperty]"
"WIN-QA6JDE44DML","An account was successfully logged on.

Subject:
	Security ID:		S-1-5-18
	Account Name:		WIN-QA6JDE44DML$
	Account Domain:		WORKGROUP
	Logon ID:		0x3e7

Logon Type:			5

New Logon:
	Security ID:		S-1-5-18
	Account Name:		SYSTEM
	Account Domain:		NT AUTHORITY
	Logon ID:		0x3e7
	Logon GUID:		{00000000-0000-0000-0000-000000000000}

Process Information:
	Process ID:		0x1bc
	Process Name:		C:\Windows\System32\services.exe

Network Information:
	Workstation Name:	
	Source Network Address:	-
	Source Port:		-

Detailed Authentication Information:
	Logon Process:		Advapi  
	Authentication Package:	Negotiate
	Transited Services:	-
	Package Name (NTLM only):	-
	Key Length:		0

This event is generated when a logon session is created. It is generated on the computer that was accessed.

The subject fields indicate the account on the local system which requested the logon. This is most commonly a service such as the Server service, or a local process such as Winlogon.exe or Services.exe.

The logon type field indicates the kind of logon that occurred. The most common types are 2 (interactive) and 3 (network).

The New Logon fields indicate the account for whom the new logon was created, i.e. the account that was logged on.

The network fields indicate where a remote logon request originated. Workstation name is not always available and may be left blank in some cases.

The authentication information fields provide detailed information about this specific logon request.
	- Logon GUID is a unique identifier that can be used to correlate this event with a KDC event.
	- Transited services indicate which intermediate services have participated in this logon request.
	- Package name indicates which sub-protocol was used among the NTLM protocols.
	- Key length indicates the length of the generated session key. This will be 0 if no session key was requested.","4624","0","","0","12544","0","-9214364837600034816","62","Microsoft-Windows-Security-Auditing","54849625-5478-4994-a5ba-3e3b0328c30d","Security","460","500","WIN-QA6JDE44DML","","12/14/2010 2:47:19 PM","","","security","System.Int32[]","System.Diagnostics.Eventing.Reader.EventBookmark","Information","Info","Logon","System.Collections.ObjectModel.ReadOnlyCollection`1[System.String]","System.Collections.Generic.List`1[System.Diagnostics.Eventing.Reader.EventProperty]"
"WIN-QA6JDE44DML","Special privileges assigned to new logon.

Subject:
	Security ID:		S-1-5-19
	Account Name:		LOCAL SERVICE
	Account Domain:		NT AUTHORITY
	Logon ID:		0x3e5

Privileges:		SeAssignPrimaryTokenPrivilege
			SeAuditPrivilege
			SeImpersonatePrivilege","4672","0","","0","12548","0","-9214364837600034816","61","Microsoft-Windows-Security-Auditing","54849625-5478-4994-a5ba-3e3b0328c30d","Security","460","568","WIN-QA6JDE44DML","","12/14/2010 2:47:16 PM","","","security","System.Int32[]","System.Diagnostics.Eventing.Reader.EventBookmark","Information","Info","Special Logon","System.Collections.ObjectModel.ReadOnlyCollection`1[System.String]","System.Collections.Generic.List`1[System.Diagnostics.Eventing.Reader.EventProperty]"
"WIN-QA6JDE44DML","An account was successfully logged on.

Subject:
	Security ID:		S-1-5-18
	Account Name:		WIN-QA6JDE44DML$
	Account Domain:		WORKGROUP
	Logon ID:		0x3e7

Logon Type:			5

New Logon:
	Security ID:		S-1-5-19
	Account Name:		LOCAL SERVICE
	Account Domain:		NT AUTHORITY
	Logon ID:		0x3e5
	Logon GUID:		{00000000-0000-0000-0000-000000000000}

Process Information:
	Process ID:		0x1bc
	Process Name:		C:\Windows\System32\services.exe

Network Information:
	Workstation Name:	
	Source Network Address:	-
	Source Port:		-

Detailed Authentication Information:
	Logon Process:		Advapi  
	Authentication Package:	Negotiate
	Transited Services:	-
	Package Name (NTLM only):	-
	Key Length:		0

This event is generated when a logon session is created. It is generated on the computer that was accessed.

The subject fields indicate the account on the local system which requested the logon. This is most commonly a service such as the Server service, or a local process such as Winlogon.exe or Services.exe.

The logon type field indicates the kind of logon that occurred. The most common types are 2 (interactive) and 3 (network).

The New Logon fields indicate the account for whom the new logon was created, i.e. the account that was logged on.

The network fields indicate where a remote logon request originated. Workstation name is not always available and may be left blank in some cases.

The authentication information fields provide detailed information about this specific logon request.
	- Logon GUID is a unique identifier that can be used to correlate this event with a KDC event.
	- Transited services indicate which intermediate services have participated in this logon request.
	- Package name indicates which sub-protocol was used among the NTLM protocols.
	- Key length indicates the length of the generated session key. This will be 0 if no session key was requested.","4624","0","","0","12544","0","-9214364837600034816","60","Microsoft-Windows-Security-Auditing","54849625-5478-4994-a5ba-3e3b0328c30d","Security","460","568","WIN-QA6JDE44DML","","12/14/2010 2:47:16 PM","","","security","System.Int32[]","System.Diagnostics.Eventing.Reader.EventBookmark","Information","Info","Logon","System.Collections.ObjectModel.ReadOnlyCollection`1[System.String]","System.Collections.Generic.List`1[System.Diagnostics.Eventing.Reader.EventProperty]"
"WIN-QA6JDE44DML","Special privileges assigned to new logon.

Subject:
	Security ID:		S-1-5-18
	Account Name:		SYSTEM
	Account Domain:		NT AUTHORITY
	Logon ID:		0x3e7

Privileges:		SeAssignPrimaryTokenPrivilege
			SeTcbPrivilege
			SeSecurityPrivilege
			SeTakeOwnershipPrivilege
			SeLoadDriverPrivilege
			SeBackupPrivilege
			SeRestorePrivilege
			SeDebugPrivilege
			SeAuditPrivilege
			SeSystemEnvironmentPrivilege
			SeImpersonatePrivilege","4672","0","","0","12548","0","-9214364837600034816","59","Microsoft-Windows-Security-Auditing","54849625-5478-4994-a5ba-3e3b0328c30d","Security","460","568","WIN-QA6JDE44DML","","12/14/2010 2:47:16 PM","","","security","System.Int32[]","System.Diagnostics.Eventing.Reader.EventBookmark","Information","Info","Special Logon","System.Collections.ObjectModel.ReadOnlyCollection`1[System.String]","System.Collections.Generic.List`1[System.Diagnostics.Eventing.Reader.EventProperty]"
"WIN-QA6JDE44DML","An account was successfully logged on.

Subject:
	Security ID:		S-1-5-18
	Account Name:		WIN-QA6JDE44DML$
	Account Domain:		WORKGROUP
	Logon ID:		0x3e7

Logon Type:			5

New Logon:
	Security ID:		S-1-5-18
	Account Name:		SYSTEM
	Account Domain:		NT AUTHORITY
	Logon ID:		0x3e7
	Logon GUID:		{00000000-0000-0000-0000-000000000000}

Process Information:
	Process ID:		0x1bc
	Process Name:		C:\Windows\System32\services.exe

Network Information:
	Workstation Name:	
	Source Network Address:	-
	Source Port:		-

Detailed Authentication Information:
	Logon Process:		Advapi  
	Authentication Package:	Negotiate
	Transited Services:	-
	Package Name (NTLM only):	-
	Key Length:		0

This event is generated when a logon session is created. It is generated on the computer that was accessed.

The subject fields indicate the account on the local system which requested the logon. This is most commonly a service such as the Server service, or a local process such as Winlogon.exe or Services.exe.

The logon type field indicates the kind of logon that occurred. The most common types are 2 (interactive) and 3 (network).

The New Logon fields indicate the account for whom the new logon was created, i.e. the account that was logged on.

The network fields indicate where a remote logon request originated. Workstation name is not always available and may be left blank in some cases.

The authentication information fields provide detailed information about this specific logon request.
	- Logon GUID is a unique identifier that can be used to correlate this event with a KDC event.
	- Transited services indicate which intermediate services have participated in this logon request.
	- Package name indicates which sub-protocol was used among the NTLM protocols.
	- Key length indicates the length of the generated session key. This will be 0 if no session key was requested.","4624","0","","0","12544","0","-9214364837600034816","58","Microsoft-Windows-Security-Auditing","54849625-5478-4994-a5ba-3e3b0328c30d","Security","460","568","WIN-QA6JDE44DML","","12/14/2010 2:47:16 PM","","","security","System.Int32[]","System.Diagnostics.Eventing.Reader.EventBookmark","Information","Info","Logon","System.Collections.ObjectModel.ReadOnlyCollection`1[System.String]","System.Collections.Generic.List`1[System.Diagnostics.Eventing.Reader.EventProperty]"
