"WIN-QA6JDE44DML","An account was successfully logged on.

Subject:
	Security ID:		S-1-5-18
	Account Name:		37L4247D28-05$
	Account Domain:		WORKGROUP
	Logon ID:		0x3e7

Logon Type:			5

New Logon:
	Security ID:		S-1-5-18
	Account Name:		SYSTEM
	Account Domain:		NT AUTHORITY
	Logon ID:		0x3e7
	Logon GUID:		{00000000-0000-0000-0000-000000000000}

Process Information:
	Process ID:		0x1c0
	Process Name:		C:\Windows\System32\services.exe

Network Information:
	Workstation Name:	
	Source Network Address:	-
	Source Port:		-

Detailed Authentication Information:
	Logon Process:		Advapi  
	Authentication Package:	Negotiate
	Transited Services:	-
	Package Name (NTLM only):	-
	Key Length:		0

This event is generated when a logon session is created. It is generated on the computer that was accessed.

The subject fields indicate the account on the local system which requested the logon. This is most commonly a service such as the Server service, or a local process such as Winlogon.exe or Services.exe.

The logon type field indicates the kind of logon that occurred. The most common types are 2 (interactive) and 3 (network).

The New Logon fields indicate the account for whom the new logon was created, i.e. the account that was logged on.

The network fields indicate where a remote logon request originated. Workstation name is not always available and may be left blank in some cases.

The authentication information fields provide detailed information about this specific logon request.
	- Logon GUID is a unique identifier that can be used to correlate this event with a KDC event.
	- Transited services indicate which intermediate services have participated in this logon request.
	- Package name indicates which sub-protocol was used among the NTLM protocols.
	- Key length indicates the length of the generated session key. This will be 0 if no session key was requested.","4624","0","","0","12544","0","-9214364837600034816","22","Microsoft-Windows-Security-Auditing","54849625-5478-4994-a5ba-3e3b0328c30d","Security","456","524","37L4247D28-05","","12/15/2010 6:44:50 AM","","","security","System.Int32[]","System.Diagnostics.Eventing.Reader.EventBookmark","Information","Info","Logon","System.Collections.ObjectModel.ReadOnlyCollection`1[System.String]","System.Collections.Generic.List`1[System.Diagnostics.Eventing.Reader.EventProperty]"
"WIN-QA6JDE44DML","Special privileges assigned to new logon.

Subject:
	Security ID:		S-1-5-19
	Account Name:		LOCAL SERVICE
	Account Domain:		NT AUTHORITY
	Logon ID:		0x3e5

Privileges:		SeAssignPrimaryTokenPrivilege
			SeAuditPrivilege
			SeImpersonatePrivilege","4672","0","","0","12548","0","-9214364837600034816","21","Microsoft-Windows-Security-Auditing","54849625-5478-4994-a5ba-3e3b0328c30d","Security","456","524","37L4247D28-05","","12/15/2010 6:44:50 AM","","","security","System.Int32[]","System.Diagnostics.Eventing.Reader.EventBookmark","Information","Info","Special Logon","System.Collections.ObjectModel.ReadOnlyCollection`1[System.String]","System.Collections.Generic.List`1[System.Diagnostics.Eventing.Reader.EventProperty]"
"WIN-QA6JDE44DML","An account was successfully logged on.

Subject:
	Security ID:		S-1-5-18
	Account Name:		37L4247D28-05$
	Account Domain:		WORKGROUP
	Logon ID:		0x3e7

Logon Type:			5

New Logon:
	Security ID:		S-1-5-19
	Account Name:		LOCAL SERVICE
	Account Domain:		NT AUTHORITY
	Logon ID:		0x3e5
	Logon GUID:		{00000000-0000-0000-0000-000000000000}

Process Information:
	Process ID:		0x1c0
	Process Name:		C:\Windows\System32\services.exe

Network Information:
	Workstation Name:	
	Source Network Address:	-
	Source Port:		-

Detailed Authentication Information:
	Logon Process:		Advapi  
	Authentication Package:	Negotiate
	Transited Services:	-
	Package Name (NTLM only):	-
	Key Length:		0

This event is generated when a logon session is created. It is generated on the computer that was accessed.

The subject fields indicate the account on the local system which requested the logon. This is most commonly a service such as the Server service, or a local process such as Winlogon.exe or Services.exe.

The logon type field indicates the kind of logon that occurred. The most common types are 2 (interactive) and 3 (network).

The New Logon fields indicate the account for whom the new logon was created, i.e. the account that was logged on.

The network fields indicate where a remote logon request originated. Workstation name is not always available and may be left blank in some cases.

The authentication information fields provide detailed information about this specific logon request.
	- Logon GUID is a unique identifier that can be used to correlate this event with a KDC event.
	- Transited services indicate which intermediate services have participated in this logon request.
	- Package name indicates which sub-protocol was used among the NTLM protocols.
	- Key length indicates the length of the generated session key. This will be 0 if no session key was requested.","4624","0","","0","12544","0","-9214364837600034816","20","Microsoft-Windows-Security-Auditing","54849625-5478-4994-a5ba-3e3b0328c30d","Security","456","524","37L4247D28-05","","12/15/2010 6:44:50 AM","","","security","System.Int32[]","System.Diagnostics.Eventing.Reader.EventBookmark","Information","Info","Logon","System.Collections.ObjectModel.ReadOnlyCollection`1[System.String]","System.Collections.Generic.List`1[System.Diagnostics.Eventing.Reader.EventProperty]"
"WIN-QA6JDE44DML","Special privileges assigned to new logon.

Subject:
	Security ID:		S-1-5-20
	Account Name:		NETWORK SERVICE
	Account Domain:		NT AUTHORITY
	Logon ID:		0x3e4

Privileges:		SeAssignPrimaryTokenPrivilege
			SeAuditPrivilege
			SeImpersonatePrivilege","4672","0","","0","12548","0","-9214364837600034816","19","Microsoft-Windows-Security-Auditing","54849625-5478-4994-a5ba-3e3b0328c30d","Security","456","524","37L4247D28-05","","12/15/2010 6:44:46 AM","","","security","System.Int32[]","System.Diagnostics.Eventing.Reader.EventBookmark","Information","Info","Special Logon","System.Collections.ObjectModel.ReadOnlyCollection`1[System.String]","System.Collections.Generic.List`1[System.Diagnostics.Eventing.Reader.EventProperty]"
"WIN-QA6JDE44DML","An account was successfully logged on.

Subject:
	Security ID:		S-1-5-18
	Account Name:		37L4247D28-05$
	Account Domain:		WORKGROUP
	Logon ID:		0x3e7

Logon Type:			5

New Logon:
	Security ID:		S-1-5-20
	Account Name:		NETWORK SERVICE
	Account Domain:		NT AUTHORITY
	Logon ID:		0x3e4
	Logon GUID:		{00000000-0000-0000-0000-000000000000}

Process Information:
	Process ID:		0x1c0
	Process Name:		C:\Windows\System32\services.exe

Network Information:
	Workstation Name:	
	Source Network Address:	-
	Source Port:		-

Detailed Authentication Information:
	Logon Process:		Advapi  
	Authentication Package:	Negotiate
	Transited Services:	-
	Package Name (NTLM only):	-
	Key Length:		0

This event is generated when a logon session is created. It is generated on the computer that was accessed.

The subject fields indicate the account on the local system which requested the logon. This is most commonly a service such as the Server service, or a local process such as Winlogon.exe or Services.exe.

The logon type field indicates the kind of logon that occurred. The most common types are 2 (interactive) and 3 (network).

The New Logon fields indicate the account for whom the new logon was created, i.e. the account that was logged on.

The network fields indicate where a remote logon request originated. Workstation name is not always available and may be left blank in some cases.

The authentication information fields provide detailed information about this specific logon request.
	- Logon GUID is a unique identifier that can be used to correlate this event with a KDC event.
	- Transited services indicate which intermediate services have participated in this logon request.
	- Package name indicates which sub-protocol was used among the NTLM protocols.
	- Key length indicates the length of the generated session key. This will be 0 if no session key was requested.","4624","0","","0","12544","0","-9214364837600034816","18","Microsoft-Windows-Security-Auditing","54849625-5478-4994-a5ba-3e3b0328c30d","Security","456","524","37L4247D28-05","","12/15/2010 6:44:46 AM","","","security","System.Int32[]","System.Diagnostics.Eventing.Reader.EventBookmark","Information","Info","Logon","System.Collections.ObjectModel.ReadOnlyCollection`1[System.String]","System.Collections.Generic.List`1[System.Diagnostics.Eventing.Reader.EventProperty]"
"WIN-QA6JDE44DML","Special privileges assigned to new logon.

Subject:
	Security ID:		S-1-5-18
	Account Name:		SYSTEM
	Account Domain:		NT AUTHORITY
	Logon ID:		0x3e7

Privileges:		SeAssignPrimaryTokenPrivilege
			SeTcbPrivilege
			SeSecurityPrivilege
			SeTakeOwnershipPrivilege
			SeLoadDriverPrivilege
			SeBackupPrivilege
			SeRestorePrivilege
			SeDebugPrivilege
			SeAuditPrivilege
			SeSystemEnvironmentPrivilege
			SeImpersonatePrivilege","4672","0","","0","12548","0","-9214364837600034816","17","Microsoft-Windows-Security-Auditing","54849625-5478-4994-a5ba-3e3b0328c30d","Security","456","496","37L4247D28-05","","12/15/2010 6:44:45 AM","","","security","System.Int32[]","System.Diagnostics.Eventing.Reader.EventBookmark","Information","Info","Special Logon","System.Collections.ObjectModel.ReadOnlyCollection`1[System.String]","System.Collections.Generic.List`1[System.Diagnostics.Eventing.Reader.EventProperty]"
"WIN-QA6JDE44DML","An account was successfully logged on.

Subject:
	Security ID:		S-1-5-18
	Account Name:		37L4247D28-05$
	Account Domain:		WORKGROUP
	Logon ID:		0x3e7

Logon Type:			5

New Logon:
	Security ID:		S-1-5-18
	Account Name:		SYSTEM
	Account Domain:		NT AUTHORITY
	Logon ID:		0x3e7
	Logon GUID:		{00000000-0000-0000-0000-000000000000}

Process Information:
	Process ID:		0x1c0
	Process Name:		C:\Windows\System32\services.exe

Network Information:
	Workstation Name:	
	Source Network Address:	-
	Source Port:		-

Detailed Authentication Information:
	Logon Process:		Advapi  
	Authentication Package:	Negotiate
	Transited Services:	-
	Package Name (NTLM only):	-
	Key Length:		0

This event is generated when a logon session is created. It is generated on the computer that was accessed.

The subject fields indicate the account on the local system which requested the logon. This is most commonly a service such as the Server service, or a local process such as Winlogon.exe or Services.exe.

The logon type field indicates the kind of logon that occurred. The most common types are 2 (interactive) and 3 (network).

The New Logon fields indicate the account for whom the new logon was created, i.e. the account that was logged on.

The network fields indicate where a remote logon request originated. Workstation name is not always available and may be left blank in some cases.

The authentication information fields provide detailed information about this specific logon request.
	- Logon GUID is a unique identifier that can be used to correlate this event with a KDC event.
	- Transited services indicate which intermediate services have participated in this logon request.
	- Package name indicates which sub-protocol was used among the NTLM protocols.
	- Key length indicates the length of the generated session key. This will be 0 if no session key was requested.","4624","0","","0","12544","0","-9214364837600034816","16","Microsoft-Windows-Security-Auditing","54849625-5478-4994-a5ba-3e3b0328c30d","Security","456","496","37L4247D28-05","","12/15/2010 6:44:45 AM","","","security","System.Int32[]","System.Diagnostics.Eventing.Reader.EventBookmark","Information","Info","Logon","System.Collections.ObjectModel.ReadOnlyCollection`1[System.String]","System.Collections.Generic.List`1[System.Diagnostics.Eventing.Reader.EventProperty]"
"WIN-QA6JDE44DML","A security-enabled local group was changed.

Subject:
	Security ID:		S-1-5-18
	Account Name:		37L4247D28-05$
	Account Domain:		WORKGROUP
	Logon ID:		0x3e7

Group:
	Security ID:		S-1-5-32-569
	Group Name:		Cryptographic Operators
	Group Domain:		Builtin

Changed Attributes:
	SAM Account Name:	-
	SID History:		-

Additional Information:
	Privileges:		-","4735","0","","0","13826","0","-9214364837600034816","15","Microsoft-Windows-Security-Auditing","54849625-5478-4994-a5ba-3e3b0328c30d","Security","456","460","37L4247D28-05","","12/15/2010 6:44:45 AM","","","security","System.Int32[]","System.Diagnostics.Eventing.Reader.EventBookmark","Information","Info","Security Group Management","System.Collections.ObjectModel.ReadOnlyCollection`1[System.String]","System.Collections.Generic.List`1[System.Diagnostics.Eventing.Reader.EventProperty]"
"WIN-QA6JDE44DML","A security-enabled local group was created.

Subject:
	Security ID:		S-1-5-18
	Account Name:		37L4247D28-05$
	Account Domain:		WORKGROUP
	Logon ID:		0x3e7

New Group:
	Security ID:		S-1-5-32-569
	Group Name:		Cryptographic Operators
	Group Domain:		Builtin

Attributes:
	SAM Account Name:	Cryptographic Operators
	SID History:		-

Additional Information:
	Privileges:		-","4731","0","","0","13826","0","-9214364837600034816","14","Microsoft-Windows-Security-Auditing","54849625-5478-4994-a5ba-3e3b0328c30d","Security","456","460","37L4247D28-05","","12/15/2010 6:44:45 AM","","","security","System.Int32[]","System.Diagnostics.Eventing.Reader.EventBookmark","Information","Info","Security Group Management","System.Collections.ObjectModel.ReadOnlyCollection`1[System.String]","System.Collections.Generic.List`1[System.Diagnostics.Eventing.Reader.EventProperty]"
"WIN-QA6JDE44DML","A security-enabled local group was changed.

Subject:
	Security ID:		S-1-5-18
	Account Name:		37L4247D28-05$
	Account Domain:		WORKGROUP
	Logon ID:		0x3e7

Group:
	Security ID:		S-1-5-32-547
	Group Name:		Power Users
	Group Domain:		Builtin

Changed Attributes:
	SAM Account Name:	-
	SID History:		-

Additional Information:
	Privileges:		-","4735","0","","0","13826","0","-9214364837600034816","13","Microsoft-Windows-Security-Auditing","54849625-5478-4994-a5ba-3e3b0328c30d","Security","456","460","37L4247D28-05","","12/15/2010 6:44:45 AM","","","security","System.Int32[]","System.Diagnostics.Eventing.Reader.EventBookmark","Information","Info","Security Group Management","System.Collections.ObjectModel.ReadOnlyCollection`1[System.String]","System.Collections.Generic.List`1[System.Diagnostics.Eventing.Reader.EventProperty]"
"WIN-QA6JDE44DML","A security-enabled local group was created.

Subject:
	Security ID:		S-1-5-18
	Account Name:		37L4247D28-05$
	Account Domain:		WORKGROUP
	Logon ID:		0x3e7

New Group:
	Security ID:		S-1-5-32-547
	Group Name:		Power Users
	Group Domain:		Builtin

Attributes:
	SAM Account Name:	Power Users
	SID History:		-

Additional Information:
	Privileges:		-","4731","0","","0","13826","0","-9214364837600034816","12","Microsoft-Windows-Security-Auditing","54849625-5478-4994-a5ba-3e3b0328c30d","Security","456","460","37L4247D28-05","","12/15/2010 6:44:45 AM","","","security","System.Int32[]","System.Diagnostics.Eventing.Reader.EventBookmark","Information","Info","Security Group Management","System.Collections.ObjectModel.ReadOnlyCollection`1[System.String]","System.Collections.Generic.List`1[System.Diagnostics.Eventing.Reader.EventProperty]"
"WIN-QA6JDE44DML","A security-enabled local group was changed.

Subject:
	Security ID:		S-1-5-18
	Account Name:		37L4247D28-05$
	Account Domain:		WORKGROUP
	Logon ID:		0x3e7

Group:
	Security ID:		S-1-5-32-556
	Group Name:		Network Configuration Operators
	Group Domain:		Builtin

Changed Attributes:
	SAM Account Name:	-
	SID History:		-

Additional Information:
	Privileges:		-","4735","0","","0","13826","0","-9214364837600034816","11","Microsoft-Windows-Security-Auditing","54849625-5478-4994-a5ba-3e3b0328c30d","Security","456","460","37L4247D28-05","","12/15/2010 6:44:45 AM","","","security","System.Int32[]","System.Diagnostics.Eventing.Reader.EventBookmark","Information","Info","Security Group Management","System.Collections.ObjectModel.ReadOnlyCollection`1[System.String]","System.Collections.Generic.List`1[System.Diagnostics.Eventing.Reader.EventProperty]"
"WIN-QA6JDE44DML","A security-enabled local group was created.

Subject:
	Security ID:		S-1-5-18
	Account Name:		37L4247D28-05$
	Account Domain:		WORKGROUP
	Logon ID:		0x3e7

New Group:
	Security ID:		S-1-5-32-556
	Group Name:		Network Configuration Operators
	Group Domain:		Builtin

Attributes:
	SAM Account Name:	Network Configuration Operators
	SID History:		-

Additional Information:
	Privileges:		-","4731","0","","0","13826","0","-9214364837600034816","10","Microsoft-Windows-Security-Auditing","54849625-5478-4994-a5ba-3e3b0328c30d","Security","456","460","37L4247D28-05","","12/15/2010 6:44:45 AM","","","security","System.Int32[]","System.Diagnostics.Eventing.Reader.EventBookmark","Information","Info","Security Group Management","System.Collections.ObjectModel.ReadOnlyCollection`1[System.String]","System.Collections.Generic.List`1[System.Diagnostics.Eventing.Reader.EventProperty]"
"WIN-QA6JDE44DML","A security-enabled local group was changed.

Subject:
	Security ID:		S-1-5-18
	Account Name:		37L4247D28-05$
	Account Domain:		WORKGROUP
	Logon ID:		0x3e7

Group:
	Security ID:		S-1-5-32-555
	Group Name:		Remote Desktop Users
	Group Domain:		Builtin

Changed Attributes:
	SAM Account Name:	-
	SID History:		-

Additional Information:
	Privileges:		-","4735","0","","0","13826","0","-9214364837600034816","9","Microsoft-Windows-Security-Auditing","54849625-5478-4994-a5ba-3e3b0328c30d","Security","456","460","37L4247D28-05","","12/15/2010 6:44:45 AM","","","security","System.Int32[]","System.Diagnostics.Eventing.Reader.EventBookmark","Information","Info","Security Group Management","System.Collections.ObjectModel.ReadOnlyCollection`1[System.String]","System.Collections.Generic.List`1[System.Diagnostics.Eventing.Reader.EventProperty]"
"WIN-QA6JDE44DML","A security-enabled local group was created.

Subject:
	Security ID:		S-1-5-18
	Account Name:		37L4247D28-05$
	Account Domain:		WORKGROUP
	Logon ID:		0x3e7

New Group:
	Security ID:		S-1-5-32-555
	Group Name:		Remote Desktop Users
	Group Domain:		Builtin

Attributes:
	SAM Account Name:	Remote Desktop Users
	SID History:		-

Additional Information:
	Privileges:		-","4731","0","","0","13826","0","-9214364837600034816","8","Microsoft-Windows-Security-Auditing","54849625-5478-4994-a5ba-3e3b0328c30d","Security","456","460","37L4247D28-05","","12/15/2010 6:44:45 AM","","","security","System.Int32[]","System.Diagnostics.Eventing.Reader.EventBookmark","Information","Info","Security Group Management","System.Collections.ObjectModel.ReadOnlyCollection`1[System.String]","System.Collections.Generic.List`1[System.Diagnostics.Eventing.Reader.EventProperty]"
"WIN-QA6JDE44DML","A security-enabled local group was changed.

Subject:
	Security ID:		S-1-5-18
	Account Name:		37L4247D28-05$
	Account Domain:		WORKGROUP
	Logon ID:		0x3e7

Group:
	Security ID:		S-1-5-32-552
	Group Name:		Replicator
	Group Domain:		Builtin

Changed Attributes:
	SAM Account Name:	-
	SID History:		-

Additional Information:
	Privileges:		-","4735","0","","0","13826","0","-9214364837600034816","7","Microsoft-Windows-Security-Auditing","54849625-5478-4994-a5ba-3e3b0328c30d","Security","456","460","37L4247D28-05","","12/15/2010 6:44:45 AM","","","security","System.Int32[]","System.Diagnostics.Eventing.Reader.EventBookmark","Information","Info","Security Group Management","System.Collections.ObjectModel.ReadOnlyCollection`1[System.String]","System.Collections.Generic.List`1[System.Diagnostics.Eventing.Reader.EventProperty]"
"WIN-QA6JDE44DML","A security-enabled local group was created.

Subject:
	Security ID:		S-1-5-18
	Account Name:		37L4247D28-05$
	Account Domain:		WORKGROUP
	Logon ID:		0x3e7

New Group:
	Security ID:		S-1-5-32-552
	Group Name:		Replicator
	Group Domain:		Builtin

Attributes:
	SAM Account Name:	Replicator
	SID History:		-

Additional Information:
	Privileges:		-","4731","0","","0","13826","0","-9214364837600034816","6","Microsoft-Windows-Security-Auditing","54849625-5478-4994-a5ba-3e3b0328c30d","Security","456","460","37L4247D28-05","","12/15/2010 6:44:45 AM","","","security","System.Int32[]","System.Diagnostics.Eventing.Reader.EventBookmark","Information","Info","Security Group Management","System.Collections.ObjectModel.ReadOnlyCollection`1[System.String]","System.Collections.Generic.List`1[System.Diagnostics.Eventing.Reader.EventProperty]"
"WIN-QA6JDE44DML","A security-enabled local group was changed.

Subject:
	Security ID:		S-1-5-18
	Account Name:		37L4247D28-05$
	Account Domain:		WORKGROUP
	Logon ID:		0x3e7

Group:
	Security ID:		S-1-5-32-551
	Group Name:		Backup Operators
	Group Domain:		Builtin

Changed Attributes:
	SAM Account Name:	-
	SID History:		-

Additional Information:
	Privileges:		-","4735","0","","0","13826","0","-9214364837600034816","5","Microsoft-Windows-Security-Auditing","54849625-5478-4994-a5ba-3e3b0328c30d","Security","456","460","37L4247D28-05","","12/15/2010 6:44:45 AM","","","security","System.Int32[]","System.Diagnostics.Eventing.Reader.EventBookmark","Information","Info","Security Group Management","System.Collections.ObjectModel.ReadOnlyCollection`1[System.String]","System.Collections.Generic.List`1[System.Diagnostics.Eventing.Reader.EventProperty]"
"WIN-QA6JDE44DML","A security-enabled local group was created.

Subject:
	Security ID:		S-1-5-18
	Account Name:		37L4247D28-05$
	Account Domain:		WORKGROUP
	Logon ID:		0x3e7

New Group:
	Security ID:		S-1-5-32-551
	Group Name:		Backup Operators
	Group Domain:		Builtin

Attributes:
	SAM Account Name:	Backup Operators
	SID History:		-

Additional Information:
	Privileges:		-","4731","0","","0","13826","0","-9214364837600034816","4","Microsoft-Windows-Security-Auditing","54849625-5478-4994-a5ba-3e3b0328c30d","Security","456","460","37L4247D28-05","","12/15/2010 6:44:45 AM","","","security","System.Int32[]","System.Diagnostics.Eventing.Reader.EventBookmark","Information","Info","Security Group Management","System.Collections.ObjectModel.ReadOnlyCollection`1[System.String]","System.Collections.Generic.List`1[System.Diagnostics.Eventing.Reader.EventProperty]"
"WIN-QA6JDE44DML","The Per-user audit policy table was created.

Number of Elements:	0
Policy ID:	0x25c7f","4902","0","","0","13568","0","-9214364837600034816","3","Microsoft-Windows-Security-Auditing","54849625-5478-4994-a5ba-3e3b0328c30d","Security","456","512","37L4247D28-05","","12/15/2010 6:44:45 AM","","","security","System.Int32[]","System.Diagnostics.Eventing.Reader.EventBookmark","Information","Info","Audit Policy Change","System.Collections.ObjectModel.ReadOnlyCollection`1[System.String]","System.Collections.Generic.List`1[System.Diagnostics.Eventing.Reader.EventProperty]"
"WIN-QA6JDE44DML","An account was successfully logged on.

Subject:
	Security ID:		S-1-0-0
	Account Name:		-
	Account Domain:		-
	Logon ID:		0x0

Logon Type:			0

New Logon:
	Security ID:		S-1-5-18
	Account Name:		SYSTEM
	Account Domain:		NT AUTHORITY
	Logon ID:		0x3e7
	Logon GUID:		{00000000-0000-0000-0000-000000000000}

Process Information:
	Process ID:		0x4
	Process Name:		

Network Information:
	Workstation Name:	-
	Source Network Address:	-
	Source Port:		-

Detailed Authentication Information:
	Logon Process:		-
	Authentication Package:	-
	Transited Services:	-
	Package Name (NTLM only):	-
	Key Length:		0

This event is generated when a logon session is created. It is generated on the computer that was accessed.

The subject fields indicate the account on the local system which requested the logon. This is most commonly a service such as the Server service, or a local process such as Winlogon.exe or Services.exe.

The logon type field indicates the kind of logon that occurred. The most common types are 2 (interactive) and 3 (network).

The New Logon fields indicate the account for whom the new logon was created, i.e. the account that was logged on.

The network fields indicate where a remote logon request originated. Workstation name is not always available and may be left blank in some cases.

The authentication information fields provide detailed information about this specific logon request.
	- Logon GUID is a unique identifier that can be used to correlate this event with a KDC event.
	- Transited services indicate which intermediate services have participated in this logon request.
	- Package name indicates which sub-protocol was used among the NTLM protocols.
	- Key length indicates the length of the generated session key. This will be 0 if no session key was requested.","4624","0","","0","12544","0","-9214364837600034816","2","Microsoft-Windows-Security-Auditing","54849625-5478-4994-a5ba-3e3b0328c30d","Security","456","460","37L4247D28-05","","12/15/2010 6:44:44 AM","","","security","System.Int32[]","System.Diagnostics.Eventing.Reader.EventBookmark","Information","Info","Logon","System.Collections.ObjectModel.ReadOnlyCollection`1[System.String]","System.Collections.Generic.List`1[System.Diagnostics.Eventing.Reader.EventProperty]"
"WIN-QA6JDE44DML","Windows is starting up.

This event is logged when LSASS.EXE starts and the auditing subsystem is initialized.","4608","0","","0","12288","0","-9214364837600034816","1","Microsoft-Windows-Security-Auditing","54849625-5478-4994-a5ba-3e3b0328c30d","Security","456","460","37L4247D28-05","","12/15/2010 6:44:44 AM","","","security","System.Int32[]","System.Diagnostics.Eventing.Reader.EventBookmark","Information","Info","Security State Change","System.Collections.ObjectModel.ReadOnlyCollection`1[System.String]","System.Collections.Generic.List`1[System.Diagnostics.Eventing.Reader.EventProperty]"
